#
# There is insufficient memory for the Java Runtime Environment to continue.
# Native memory allocation (malloc) failed to allocate 1048576 bytes for AllocateHeap
# Possible reasons:
#   The system is out of physical RAM or swap space
#   The process is running with CompressedOops enabled, and the Java Heap may be blocking the growth of the native heap
# Possible solutions:
#   Reduce memory load on the system
#   Increase physical memory or swap space
#   Check if swap backing store is full
#   Decrease Java heap size (-Xmx/-Xms)
#   Decrease number of Java threads
#   Decrease Java thread stack sizes (-Xss)
#   Set larger code cache with -XX:ReservedCodeCacheSize=
#   JVM is running with Unscaled Compressed Oops mode in which the Java heap is
#     placed in the first 4GB address space. The Java Heap base address is the
#     maximum limit for the native heap growth. Please use -XX:HeapBaseMinAddress
#     to set the Java Heap base and to place the Java Heap above 4GB virtual address.
# This output file may be truncated or incomplete.
#
#  Out of Memory Error (./open/src/hotspot/share/memory/allocation.cpp:44), pid=6248, tid=8140
#
# JRE version:  (15.0.2+7) (build )
# Java VM: Java HotSpot(TM) 64-Bit Server VM (15.0.2+7-27, mixed mode, sharing, tiered, compressed oops, g1 gc, windows-amd64)
# No core dump will be written. Minidumps are not enabled by default on client versions of Windows
#

---------------  S U M M A R Y ------------

Command Line: 

Host: Intel(R) Core(TM) i5-3210M CPU @ 2.50GHz, 4 cores, 7G,  Windows 10 , 64 bit Build 19041 (10.0.19041.1023)
Time: Wed Jul 21 13:28:54 2021 SE Asia Standard Time elapsed time: 0.114251 seconds (0d 0h 0m 0s)

---------------  T H R E A D  ---------------

Current thread (0x000002419ef9f780):  JavaThread "Unknown thread" [_thread_in_vm, id=8140, stack(0x0000004c51700000,0x0000004c51800000)]

Stack: [0x0000004c51700000,0x0000004c51800000]
Native frames: (J=compiled Java code, j=interpreted, Vv=VM code, C=native code)
V  [jvm.dll+0x62ae9a]
V  [jvm.dll+0x7817a9]
V  [jvm.dll+0x782f03]
V  [jvm.dll+0x783563]
V  [jvm.dll+0x216325]
V  [jvm.dll+0x8ebb2]
V  [jvm.dll+0x2b0975]
V  [jvm.dll+0x2a80ce]
V  [jvm.dll+0x75e241]
V  [jvm.dll+0x3341c4]
V  [jvm.dll+0x73e926]
V  [jvm.dll+0x3b7557]
V  [jvm.dll+0x3b8fe1]
C  [jli.dll+0x52fb]
C  [ucrtbase.dll+0x21bb2]
C  [KERNEL32.DLL+0x17034]
C  [ntdll.dll+0x52651]


---------------  P R O C E S S  ---------------

Threads class SMR info:
_java_thread_list=0x00007ffaf7a44ff0, length=0, elements={
}

Java Threads: ( => current thread )

Other Threads:
  0x000002419efe0300 GCTaskThread "GC Thread#0" [stack: 0x0000004c51800000,0x0000004c51900000] [id=8160]

[error occurred during error reporting (printing all threads), id 0xc0000005, EXCEPTION_ACCESS_VIOLATION (0xc0000005) at pc=0x00007ffaf72353a0]

VM state: not at safepoint (not fully initialized)

VM Mutex/Monitor currently owned by a thread:  ([mutex/lock_event])
[0x000002419ef9a8c0] Heap_lock - owner thread: 0x000002419ef9f780

Heap address: 0x0000000080600000, size: 2042 MB, Compressed Oops mode: 32-bit
CDS archive(s) mapped at: [0x0000000000000000-0x0000000000000000-0x0000000000000000), size 0, SharedBaseAddress: 0x0000000800000000, ArchiveRelocationMode: 0.
Narrow klass base: 0x0000000000000000, Narrow klass shift: 0, Narrow klass range: 0x0

Heap:
 garbage-first heap   total 0K, used 0K [0x0000000080600000, 0x0000000100000000)
  region size 1024K, 0 young (0K), 0 survivors (0K)
 Metaspace       used 0K, capacity 0K, committed 0K, reserved 0K
  class space    used 0K, capacity 0K, committed 0K, reserved 0K

Heap Regions: E=young(eden), S=young(survivor), O=old, HS=humongous(starts), HC=humongous(continues), CS=collection set, F=free, OA=open archive, CA=closed archive, TAMS=top-at-mark-start (previous, next)

Card table byte_map: [0x00000241b65e0000,0x00000241b69e0000] _byte_map_base: 0x00000241b61dd000

GC Heap History (0 events):
No events

Deoptimization events (0 events):
No events

Classes unloaded (0 events):
No events

Classes redefined (0 events):
No events

Internal exceptions (0 events):
No events

Events (1 events):
Event: 0.072 Loaded shared library C:\Program Files\Java\jdk-15.0.2\bin\java.dll


Dynamic libraries:
0x00007ff78a2a0000 - 0x00007ff78a2af000 	C:\Program Files\Java\jdk-15.0.2\bin\java.exe
0x00007ffb3f5b0000 - 0x00007ffb3f7a5000 	C:\Windows\SYSTEM32\ntdll.dll
0x00007ffb3db30000 - 0x00007ffb3dbed000 	C:\Windows\System32\KERNEL32.DLL
0x00007ffb3d240000 - 0x00007ffb3d509000 	C:\Windows\System32\KERNELBASE.dll
0x00007ffb3d140000 - 0x00007ffb3d240000 	C:\Windows\System32\ucrtbase.dll
0x00007ffb35cd0000 - 0x00007ffb35ce8000 	C:\Program Files\Java\jdk-15.0.2\bin\jli.dll
0x00007ffb3e570000 - 0x00007ffb3e61c000 	C:\Windows\System32\ADVAPI32.dll
0x00007ffb3f170000 - 0x00007ffb3f20e000 	C:\Windows\System32\msvcrt.dll
0x00007ffb3d620000 - 0x00007ffb3d6bb000 	C:\Windows\System32\sechost.dll
0x00007ffb3e150000 - 0x00007ffb3e27a000 	C:\Windows\System32\RPCRT4.dll
0x00007ffb3e350000 - 0x00007ffb3e4f0000 	C:\Windows\System32\USER32.dll
0x00007ffb3cd20000 - 0x00007ffb3cd42000 	C:\Windows\System32\win32u.dll
0x00007ffb3efb0000 - 0x00007ffb3efda000 	C:\Windows\System32\GDI32.dll
0x00007ffb3d510000 - 0x00007ffb3d61b000 	C:\Windows\System32\gdi32full.dll
0x00007ffb3ce00000 - 0x00007ffb3ce9d000 	C:\Windows\System32\msvcp_win.dll
0x00007ffb357c0000 - 0x00007ffb357d9000 	C:\Program Files\Java\jdk-15.0.2\bin\VCRUNTIME140.dll
0x00007ffb2ca30000 - 0x00007ffb2ccca000 	C:\Windows\WinSxS\amd64_microsoft.windows.common-controls_6595b64144ccf1df_6.0.19041.1052_none_60b8f8fd71f5e8cb\COMCTL32.dll
0x00007ffb32c20000 - 0x00007ffb32c2a000 	C:\Windows\SYSTEM32\VERSION.dll
0x00007ffb3dbf0000 - 0x00007ffb3dc20000 	C:\Windows\System32\IMM32.DLL
0x00007ffb35cc0000 - 0x00007ffb35ccc000 	C:\Program Files\Java\jdk-15.0.2\bin\vcruntime140_1.dll
0x00007ffb156d0000 - 0x00007ffb15761000 	C:\Program Files\Java\jdk-15.0.2\bin\msvcp140.dll
0x00007ffaf6f80000 - 0x00007ffaf7ade000 	C:\Program Files\Java\jdk-15.0.2\bin\server\jvm.dll
0x00007ffb3e550000 - 0x00007ffb3e558000 	C:\Windows\System32\PSAPI.DLL
0x00007ffb365e0000 - 0x00007ffb365e9000 	C:\Windows\SYSTEM32\WSOCK32.dll
0x00007ffb3ee50000 - 0x00007ffb3eebb000 	C:\Windows\System32\WS2_32.dll
0x00007ffb31f20000 - 0x00007ffb31f47000 	C:\Windows\SYSTEM32\WINMM.dll
0x00007ffb3ac20000 - 0x00007ffb3ac32000 	C:\Windows\SYSTEM32\kernel.appcore.dll
0x00007ffb38bd0000 - 0x00007ffb38bda000 	C:\Program Files\Java\jdk-15.0.2\bin\jimage.dll
0x00007ffb2c350000 - 0x00007ffb2c534000 	C:\Windows\SYSTEM32\DBGHELP.DLL
0x00007ffb2c6b0000 - 0x00007ffb2c6dc000 	C:\Windows\SYSTEM32\dbgcore.DLL
0x00007ffb3cea0000 - 0x00007ffb3cf23000 	C:\Windows\System32\bcryptPrimitives.dll
0x00007ffb29ee0000 - 0x00007ffb29f05000 	C:\Program Files\Java\jdk-15.0.2\bin\java.dll

dbghelp: loaded successfully - version: 4.0.5 - missing functions: none
symbol engine: initialized successfully - sym options: 0x614 - pdb path: .;C:\Program Files\Java\jdk-15.0.2\bin;C:\Windows\SYSTEM32;C:\Windows\WinSxS\amd64_microsoft.windows.common-controls_6595b64144ccf1df_6.0.19041.1052_none_60b8f8fd71f5e8cb;C:\Program Files\Java\jdk-15.0.2\bin\server

VM Arguments:
java_command: <unknown>
java_class_path (initial): <not set>
Launcher Type: SUN_STANDARD

[Global flags]
     intx CICompilerCount                          = 3                                         {product} {ergonomic}
     uint ConcGCThreads                            = 1                                         {product} {ergonomic}
     uint G1ConcRefinementThreads                  = 4                                         {product} {ergonomic}
   size_t G1HeapRegionSize                         = 1048576                                   {product} {ergonomic}
    uintx GCDrainStackTargetSize                   = 64                                        {product} {ergonomic}
   size_t InitialHeapSize                          = 134217728                                 {product} {ergonomic}
   size_t MarkStackSize                            = 4194304                                   {product} {ergonomic}
   size_t MaxHeapSize                              = 2141192192                                {product} {ergonomic}
   size_t MinHeapDeltaBytes                        = 1048576                                   {product} {ergonomic}
   size_t MinHeapSize                              = 8388608                                   {product} {ergonomic}
    uintx NonNMethodCodeHeapSize                   = 5832780                                {pd product} {ergonomic}
    uintx NonProfiledCodeHeapSize                  = 122912730                              {pd product} {ergonomic}
    uintx ProfiledCodeHeapSize                     = 122912730                              {pd product} {ergonomic}
    uintx ReservedCodeCacheSize                    = 251658240                              {pd product} {ergonomic}
     bool SegmentedCodeCache                       = true                                      {product} {ergonomic}
   size_t SoftMaxHeapSize                          = 2141192192                             {manageable} {ergonomic}
     bool UseCompressedClassPointers               = true                                 {lp64_product} {ergonomic}
     bool UseCompressedOops                        = true                                 {lp64_product} {ergonomic}
     bool UseG1GC                                  = true                                      {product} {ergonomic}
     bool UseLargePagesIndividualAllocation        = false                                  {pd product} {ergonomic}

Logging:
Log output configuration:
 #0: stdout all=warning uptime,level,tags
 #1: stderr all=off uptime,level,tags

Environment Variables:
PATH=C:\Program Files (x86)\Razer\ChromaBroadcast\bin;C:\Program Files\Razer\ChromaBroadcast\bin;C:\Program Files\Common Files\Oracle\Java\javapath;C:\Program Files (x86)\Common Files\Oracle\Java\javapath;C:\Windows\system32;C:\Windows;C:\Windows\System32\Wbem;C:\Windows\System32\WindowsPowerShell\v1.0\;C:\Windows\System32\OpenSSH\;C:\Program Files\nodejs\;C:\Program Files\Git\cmd;C:\Program Files\Microsoft VS Code\bin;C:\Windows\system32\config\systemprofile\AppData\Local\Microsoft\WindowsApps;C:\Users\Dani\AppData\Local\Microsoft\WindowsApps;C:\Program Files\Microsoft VS Code\bin;C:\Users\Dani\AppData\Roaming\npm;C:\Users\Dani\AppData\Local\Programs\Microsoft VS Code\bin;C:\Program Files\Java\jdk1.8.0_221\bin;C:\Users\Dani\AppData\Roaming\Composer\vendor\bin;C:\src\flutter 2.2.3\bin;;C:\src\flutter\flutter 2.0\bin\mingit\cmd
USERNAME=Dani
OS=Windows_NT
PROCESSOR_IDENTIFIER=Intel64 Family 6 Model 58 Stepping 9, GenuineIntel



---------------  S Y S T E M  ---------------

OS:
 Windows 10 , 64 bit Build 19041 (10.0.19041.1023)
OS uptime: 0 days 1:09 hours

CPU: total 4 (initial active 4) (2 cores per cpu, 2 threads per core) family 6 model 58 stepping 9 microcode 0x21, cmov, cx8, fxsr, mmx, sse, sse2, sse3, ssse3, sse4.1, sse4.2, popcnt, vzeroupper, avx, aes, clmul, erms, ht, tsc, tscinvbit, tscinv, clflush

Memory: 4k page, system-wide physical 8162M (1270M free)
TotalPageFile size 8162M (AvailPageFile size 21M)
current process WorkingSet (physical memory assigned to process): 9M, peak: 9M
current process commit charge ("private bytes"): 49M, peak: 50M

vm_info: Java HotSpot(TM) 64-Bit Server VM (15.0.2+7-27) for windows-amd64 JRE (15.0.2+7-27), built on Dec  7 2020 20:07:01 by "mach5one" with unknown MS VC++:1925

END.
